0 info it worked if it ends with ok
1 verbose cli [ '/usr/local/bin/node', '/usr/local/bin/npm', 'start' ]
2 info using npm@3.3.12
3 info using node@v5.5.0
4 verbose run-script [ 'prestart', 'start', 'poststart' ]
5 info lifecycle react-countdown-time@1.0.0~prestart: react-countdown-time@1.0.0
6 silly lifecycle react-countdown-time@1.0.0~prestart: no script for prestart, continuing
7 info lifecycle react-countdown-time@1.0.0~start: react-countdown-time@1.0.0
8 verbose lifecycle react-countdown-time@1.0.0~start: unsafe-perm in lifecycle true
9 verbose lifecycle react-countdown-time@1.0.0~start: PATH: /usr/local/lib/node_modules/npm/bin/node-gyp-bin:/Users/YikaJ/code/react/demo/timer/node_modules/.bin:/Users/YikaJ/bin:/usr/local/bin:/Library/Frameworks/Python.framework/Versions/3.5/bin:/usr/local/bin:/usr/bin:/bin:/usr/sbin:/sbin:/opt/X11/bin:/usr/local/git/bin
10 verbose lifecycle react-countdown-time@1.0.0~start: CWD: /Users/YikaJ/code/react/demo/timer
11 silly lifecycle react-countdown-time@1.0.0~start: Args: [ '-c', './examples/webpack -w --progress --color' ]
12 info lifecycle react-countdown-time@1.0.0~start: Failed to exec start script
13 verbose stack Error: react-countdown-time@1.0.0 start: `./examples/webpack -w --progress --color`
13 verbose stack spawn ENOENT
13 verbose stack     at ChildProcess.<anonymous> (/usr/local/lib/node_modules/npm/lib/utils/spawn.js:17:16)
13 verbose stack     at emitTwo (events.js:100:13)
13 verbose stack     at ChildProcess.emit (events.js:185:7)
13 verbose stack     at maybeClose (internal/child_process.js:821:16)
13 verbose stack     at Process.ChildProcess._handle.onexit (internal/child_process.js:211:5)
14 verbose pkgid react-countdown-time@1.0.0
15 verbose cwd /Users/YikaJ/code/react/demo/timer
16 error Darwin 15.4.0
17 error argv "/usr/local/bin/node" "/usr/local/bin/npm" "start"
18 error node v5.5.0
19 error npm  v3.3.12
20 error file sh
21 error code ELIFECYCLE
22 error errno ENOENT
23 error syscall spawn
24 error react-countdown-time@1.0.0 start: `./examples/webpack -w --progress --color`
24 error spawn ENOENT
25 error Failed at the react-countdown-time@1.0.0 start script './examples/webpack -w --progress --color'.
25 error Make sure you have the latest version of node.js and npm installed.
25 error If you do, this is most likely a problem with the react-countdown-time package,
25 error not with npm itself.
25 error Tell the author that this fails on your system:
25 error     ./examples/webpack -w --progress --color
25 error You can get their info via:
25 error     npm owner ls react-countdown-time
25 error There is likely additional logging output above.
26 verbose exit [ 1, true ]
